=== 2026-02-28 16:09:07 Using CUDA_VISIBLE_DEVICES=1 ===
=== 2026-02-28 16:09:07 Step 2: Train Baseline ===
[BOOT 2026-02-28 16:09:07] train_seldnet.py import 시작
[BOOT 2026-02-28 16:09:07] numpy import 완료
[BOOT 2026-02-28 16:09:08] matplotlib import 완료
[BOOT 2026-02-28 16:09:09] cls_feature_class import 완료
[BOOT 2026-02-28 16:09:09] cls_data_generator import 완료
[BOOT 2026-02-28 16:09:10] torch import 완료
[BOOT 2026-02-28 16:09:10] 모듈 import 완료
['train_seldnet.py', '3', 'baseline3']
[Debug] parameters.get_params 시작 (task_id=3)
SET: 3
FOA + multi ACCDOA

	quick_test: False
	finetune_mode: True
	pretrained_model_weights: 3_1_dev_split0_multiaccdoa_foa_model.h5
	dataset_dir: ../DCASE2024_SELD_dataset/
	feat_label_dir: ../DCASE2024_SELD_dataset/seld_feat_label/
	model_dir: models_audio
	dcase_output_dir: results_audio
	mode: dev
	dataset: foa
	fs: 24000
	hop_len_s: 0.02
	label_hop_len_s: 0.1
	max_audio_len_s: 60
	nb_mel_bins: 64
	use_salsalite: False
	fmin_doa_salsalite: 50
	fmax_doa_salsalite: 2000
	fmax_spectra_salsalite: 9000
	l2_enable: False
	l2_mode: foa_tf_softmask
	l2_mask_tau: 0.05
	l2_mask_k: 10.0
	modality: audio
	multi_accdoa: True
	thresh_unify: 15
	label_sequence_length: 50
	batch_size: 128
	dropout_rate: 0.05
	nb_cnn2d_filt: 64
	f_pool_size: [4, 4, 2]
	nb_heads: 8
	nb_self_attn_layers: 2
	nb_transformer_layers: 2
	nb_rnn_layers: 2
	rnn_size: 128
	nb_fnn_layers: 1
	fnn_size: 128
	nb_epochs: 250
	lr: 0.001
	average: macro
	segment_based_metrics: False
	evaluate_distance: True
	lad_doa_thresh: 20
	lad_dist_thresh: inf
	lad_reldist_thresh: 1.0
	feature_sequence_length: 250
	t_pool_size: [5, 1, 1]
	patience: 250
	unique_classes: 13
[Debug] parameters.get_params 완료


---------------------------------------------------------------------------------------------------
------------------------------------      SPLIT [4]   -----------------------------------------------
---------------------------------------------------------------------------------------------------
unique_name: 3_baseline3_dev_split0_multiaccdoa_foa

Loading training dataset:
Computing some stats about the dataset
	Datagen_mode: dev, nb_files: 90, nb_classes:13
	nb_frames_file: 11235, feat_len: 64, nb_ch: 7, label_len:None

	Dataset: foa, split: [3]
	batch_size: 128, feat_seq_len: 250, label_seq_len: 50, shuffle: True
	Total batches in dataset: 22
	label_dir: ../DCASE2024_SELD_dataset/seld_feat_label/foa_dev_adpit_label
 	feat_dir: ../DCASE2024_SELD_dataset/seld_feat_label/foa_dev_norm

Loading validation dataset:
Computing some stats about the dataset
	WARNING: Resetting batch size to 114. To accommodate the inference of longest file of 28461 frames in a single batch
	Datagen_mode: dev, nb_files: 78, nb_classes:13
	nb_frames_file: 28461, feat_len: 64, nb_ch: 7, label_len:None

	Dataset: foa, split: [4]
	batch_size: 114, feat_seq_len: 250, label_seq_len: 50, shuffle: False
	Total batches in dataset: 78
	label_dir: ../DCASE2024_SELD_dataset/seld_feat_label/foa_dev_adpit_label
 	feat_dir: ../DCASE2024_SELD_dataset/seld_feat_label/foa_dev_norm

Running in finetuning mode. Initializing the model to the weights - 3_1_dev_split0_multiaccdoa_foa_model.h5
train_seldnet.py:459: FutureWarning: You are using `torch.load` with `weights_only=False` (the current default value), which uses the default pickle module implicitly. It is possible to construct malicious pickle data which will execute arbitrary code during unpickling (See https://github.com/pytorch/pytorch/blob/main/SECURITY.md#untrusted-models for more details). In a future release, the default value for `weights_only` will be flipped to `True`. This limits the functions that could be executed during unpickling. Arbitrary objects will no longer be allowed to be loaded via this mode unless they are explicitly allowlisted by the user via `torch.serialization.add_safe_globals`. We recommend you start setting `weights_only=True` for any use case where you don't have full control of the loaded file. Please open an issue on GitHub for any issues related to this experimental feature.
  state_dict = torch.load(params['pretrained_model_weights'], map_location='cpu')
---------------- SELD-net -------------------
FEATURES:
	data_in: (128, 7, 250, 64)
	data_out: (128, 50, 156)

MODEL:
	dropout_rate: 0.05
	CNN: nb_cnn_filt: 64, f_pool_size[4, 4, 2], t_pool_size[5, 1, 1]
, rnn_size: 128
, nb_attention_blocks: 2
, fnn_size: 128

SeldModel(
  (conv_block_list): ModuleList(
    (0): ConvBlock(
      (conv): Conv2d(7, 64, kernel_size=(3, 3), stride=(1, 1), padding=(1, 1))
      (bn): BatchNorm2d(64, eps=1e-05, momentum=0.1, affine=True, track_running_stats=True)
    )
    (1): MaxPool2d(kernel_size=(5, 4), stride=(5, 4), padding=0, dilation=1, ceil_mode=False)
    (2): Dropout2d(p=0.05, inplace=False)
    (3): ConvBlock(
      (conv): Conv2d(64, 64, kernel_size=(3, 3), stride=(1, 1), padding=(1, 1))
      (bn): BatchNorm2d(64, eps=1e-05, momentum=0.1, affine=True, track_running_stats=True)
    )
    (4): MaxPool2d(kernel_size=(1, 4), stride=(1, 4), padding=0, dilation=1, ceil_mode=False)
    (5): Dropout2d(p=0.05, inplace=False)
    (6): ConvBlock(
      (conv): Conv2d(64, 64, kernel_size=(3, 3), stride=(1, 1), padding=(1, 1))
      (bn): BatchNorm2d(64, eps=1e-05, momentum=0.1, affine=True, track_running_stats=True)
    )
    (7): MaxPool2d(kernel_size=(1, 2), stride=(1, 2), padding=0, dilation=1, ceil_mode=False)
    (8): Dropout2d(p=0.05, inplace=False)
  )
  (gru): GRU(128, 128, num_layers=2, batch_first=True, dropout=0.05, bidirectional=True)
  (mhsa_block_list): ModuleList(
    (0-1): 2 x MultiheadAttention(
      (out_proj): NonDynamicallyQuantizableLinear(in_features=128, out_features=128, bias=True)
    )
  )
  (layer_norm_list): ModuleList(
    (0-1): 2 x LayerNorm((128,), eps=1e-05, elementwise_affine=True)
  )
  (fnn_list): ModuleList(
    (0): Linear(in_features=128, out_features=128, bias=True)
    (1): Linear(in_features=128, out_features=156, bias=True)
  )
  (doa_act): Tanh()
  (dist_act): ReLU()
)
Dumping recording-wise val results in: results_audio/3_baseline3_dev_split0_multiaccdoa_foa_20260228070913_val
[Debug] ComputeSELDResults 초기화 시작
[Debug] ComputeSELDResults 초기화 완료 (4.10s)

[Debug] ================== Epoch 0 시작 ==================
  -> [Debug] train_epoch 시작: 첫 번째 배치를 기다리는 중...
epoch: 0, time: 5.31/78.80, train_loss: 0.0988, val_loss: 0.0529, F/AE/Dist_err/Rel_dist_err/SELD: 0.01/25.62/0.51/0.25/0.79, best_val_epoch: 0 (0.01/25.62/0.51/0.25/0.79)

[Debug] ================== Epoch 1 시작 ==================
  -> [Debug] train_epoch 시작: 첫 번째 배치를 기다리는 중...
epoch: 1, time: 4.96/73.50, train_loss: 0.0599, val_loss: 0.0742, F/AE/Dist_err/Rel_dist_err/SELD: 0.04/28.03/0.62/0.34/0.79, best_val_epoch: 1 (0.04/28.03/0.62/0.34/0.79)

[Debug] ================== Epoch 2 시작 ==================
  -> [Debug] train_epoch 시작: 첫 번째 배치를 기다리는 중...
epoch: 2, time: 4.85/72.61, train_loss: 0.0497, val_loss: 0.0792, F/AE/Dist_err/Rel_dist_err/SELD: 0.03/31.02/0.53/0.28/0.79, best_val_epoch: 1 (0.04/28.03/0.62/0.34/0.79)

[Debug] ================== Epoch 3 시작 ==================
  -> [Debug] train_epoch 시작: 첫 번째 배치를 기다리는 중...
epoch: 3, time: 4.82/74.84, train_loss: 0.0499, val_loss: 0.0657, F/AE/Dist_err/Rel_dist_err/SELD: 0.04/29.99/0.54/0.28/0.79, best_val_epoch: 1 (0.04/28.03/0.62/0.34/0.79)

[Debug] ================== Epoch 4 시작 ==================
  -> [Debug] train_epoch 시작: 첫 번째 배치를 기다리는 중...
epoch: 4, time: 4.79/111.45, train_loss: 0.0455, val_loss: 0.0973, F/AE/Dist_err/Rel_dist_err/SELD: 0.05/37.10/0.55/0.34/0.72, best_val_epoch: 4 (0.05/37.10/0.55/0.34/0.72)

[Debug] ================== Epoch 5 시작 ==================
  -> [Debug] train_epoch 시작: 첫 번째 배치를 기다리는 중...
epoch: 5, time: 4.87/77.85, train_loss: 0.0424, val_loss: 0.0758, F/AE/Dist_err/Rel_dist_err/SELD: 0.05/27.77/0.62/0.32/0.67, best_val_epoch: 5 (0.05/27.77/0.62/0.32/0.67)

[Debug] ================== Epoch 6 시작 ==================
  -> [Debug] train_epoch 시작: 첫 번째 배치를 기다리는 중...
epoch: 6, time: 4.93/79.71, train_loss: 0.0397, val_loss: 0.0778, F/AE/Dist_err/Rel_dist_err/SELD: 0.05/30.84/0.57/0.30/0.67, best_val_epoch: 6 (0.05/30.84/0.57/0.30/0.67)

[Debug] ================== Epoch 7 시작 ==================
  -> [Debug] train_epoch 시작: 첫 번째 배치를 기다리는 중...
epoch: 7, time: 4.83/77.52, train_loss: 0.0369, val_loss: 0.0676, F/AE/Dist_err/Rel_dist_err/SELD: 0.07/33.81/0.61/0.30/0.71, best_val_epoch: 7 (0.07/33.81/0.61/0.30/0.71)

[Debug] ================== Epoch 8 시작 ==================
  -> [Debug] train_epoch 시작: 첫 번째 배치를 기다리는 중...
epoch: 8, time: 5.25/113.13, train_loss: 0.0349, val_loss: 0.0846, F/AE/Dist_err/Rel_dist_err/SELD: 0.07/31.37/0.50/0.28/0.62, best_val_epoch: 8 (0.07/31.37/0.50/0.28/0.62)

[Debug] ================== Epoch 9 시작 ==================
  -> [Debug] train_epoch 시작: 첫 번째 배치를 기다리는 중...
epoch: 9, time: 5.35/115.18, train_loss: 0.0337, val_loss: 0.0845, F/AE/Dist_err/Rel_dist_err/SELD: 0.08/32.60/0.51/0.27/0.66, best_val_epoch: 9 (0.08/32.60/0.51/0.27/0.66)

[Debug] ================== Epoch 10 시작 ==================
  -> [Debug] train_epoch 시작: 첫 번째 배치를 기다리는 중...
epoch: 10, time: 4.66/80.28, train_loss: 0.0315, val_loss: 0.0658, F/AE/Dist_err/Rel_dist_err/SELD: 0.09/31.56/0.46/0.25/0.65, best_val_epoch: 10 (0.09/31.56/0.46/0.25/0.65)

[Debug] ================== Epoch 11 시작 ==================
  -> [Debug] train_epoch 시작: 첫 번째 배치를 기다리는 중...
epoch: 11, time: 5.23/114.66, train_loss: 0.0308, val_loss: 0.0937, F/AE/Dist_err/Rel_dist_err/SELD: 0.09/31.99/0.46/0.25/0.61, best_val_epoch: 10 (0.09/31.56/0.46/0.25/0.65)

[Debug] ================== Epoch 12 시작 ==================
  -> [Debug] train_epoch 시작: 첫 번째 배치를 기다리는 중...
epoch: 12, time: 6.28/89.68, train_loss: 0.0296, val_loss: 0.0621, F/AE/Dist_err/Rel_dist_err/SELD: 0.09/29.18/0.48/0.27/0.57, best_val_epoch: 12 (0.09/29.18/0.48/0.27/0.57)

[Debug] ================== Epoch 13 시작 ==================
  -> [Debug] train_epoch 시작: 첫 번째 배치를 기다리는 중...
epoch: 13, time: 5.23/116.97, train_loss: 0.0292, val_loss: 0.0741, F/AE/Dist_err/Rel_dist_err/SELD: 0.08/32.42/0.47/0.25/0.65, best_val_epoch: 12 (0.09/29.18/0.48/0.27/0.57)

[Debug] ================== Epoch 14 시작 ==================
  -> [Debug] train_epoch 시작: 첫 번째 배치를 기다리는 중...
epoch: 14, time: 5.65/86.14, train_loss: 0.0297, val_loss: 0.0638, F/AE/Dist_err/Rel_dist_err/SELD: 0.08/31.65/0.48/0.26/0.65, best_val_epoch: 12 (0.09/29.18/0.48/0.27/0.57)

[Debug] ================== Epoch 15 시작 ==================
  -> [Debug] train_epoch 시작: 첫 번째 배치를 기다리는 중...
epoch: 15, time: 4.99/109.92, train_loss: 0.0275, val_loss: 0.0898, F/AE/Dist_err/Rel_dist_err/SELD: 0.10/34.92/0.46/0.24/0.61, best_val_epoch: 15 (0.10/34.92/0.46/0.24/0.61)

[Debug] ================== Epoch 16 시작 ==================
  -> [Debug] train_epoch 시작: 첫 번째 배치를 기다리는 중...
epoch: 16, time: 4.91/107.50, train_loss: 0.0271, val_loss: 0.0815, F/AE/Dist_err/Rel_dist_err/SELD: 0.08/30.91/0.51/0.26/0.61, best_val_epoch: 15 (0.10/34.92/0.46/0.24/0.61)

[Debug] ================== Epoch 17 시작 ==================
  -> [Debug] train_epoch 시작: 첫 번째 배치를 기다리는 중...
epoch: 17, time: 4.88/113.07, train_loss: 0.0256, val_loss: 0.0802, F/AE/Dist_err/Rel_dist_err/SELD: 0.10/31.35/0.48/0.27/0.57, best_val_epoch: 15 (0.10/34.92/0.46/0.24/0.61)

[Debug] ================== Epoch 18 시작 ==================
  -> [Debug] train_epoch 시작: 첫 번째 배치를 기다리는 중...
epoch: 18, time: 4.58/92.97, train_loss: 0.0252, val_loss: 0.0825, F/AE/Dist_err/Rel_dist_err/SELD: 0.09/32.43/0.49/0.28/0.58, best_val_epoch: 15 (0.10/34.92/0.46/0.24/0.61)

[Debug] ================== Epoch 19 시작 ==================
  -> [Debug] train_epoch 시작: 첫 번째 배치를 기다리는 중...
epoch: 19, time: 5.45/83.67, train_loss: 0.0240, val_loss: 0.0774, F/AE/Dist_err/Rel_dist_err/SELD: 0.10/31.47/0.50/0.28/0.57, best_val_epoch: 15 (0.10/34.92/0.46/0.24/0.61)

[Debug] ================== Epoch 20 시작 ==================
  -> [Debug] train_epoch 시작: 첫 번째 배치를 기다리는 중...
epoch: 20, time: 5.11/116.03, train_loss: 0.0229, val_loss: 0.0852, F/AE/Dist_err/Rel_dist_err/SELD: 0.10/31.73/0.47/0.27/0.57, best_val_epoch: 20 (0.10/31.73/0.47/0.27/0.57)

[Debug] ================== Epoch 21 시작 ==================
  -> [Debug] train_epoch 시작: 첫 번째 배치를 기다리는 중...
epoch: 21, time: 5.16/82.49, train_loss: 0.0226, val_loss: 0.0767, F/AE/Dist_err/Rel_dist_err/SELD: 0.10/31.22/0.48/0.28/0.57, best_val_epoch: 20 (0.10/31.73/0.47/0.27/0.57)

[Debug] ================== Epoch 22 시작 ==================
  -> [Debug] train_epoch 시작: 첫 번째 배치를 기다리는 중...
epoch: 22, time: 4.86/80.06, train_loss: 0.0222, val_loss: 0.0753, F/AE/Dist_err/Rel_dist_err/SELD: 0.11/31.42/0.51/0.30/0.57, best_val_epoch: 22 (0.11/31.42/0.51/0.30/0.57)

[Debug] ================== Epoch 23 시작 ==================
  -> [Debug] train_epoch 시작: 첫 번째 배치를 기다리는 중...
epoch: 23, time: 5.10/86.79, train_loss: 0.0227, val_loss: 0.0782, F/AE/Dist_err/Rel_dist_err/SELD: 0.10/33.10/0.49/0.28/0.57, best_val_epoch: 22 (0.11/31.42/0.51/0.30/0.57)

[Debug] ================== Epoch 24 시작 ==================
  -> [Debug] train_epoch 시작: 첫 번째 배치를 기다리는 중...
epoch: 24, time: 4.86/107.69, train_loss: 0.0224, val_loss: 0.0837, F/AE/Dist_err/Rel_dist_err/SELD: 0.10/32.15/0.52/0.31/0.58, best_val_epoch: 22 (0.11/31.42/0.51/0.30/0.57)

[Debug] ================== Epoch 25 시작 ==================
  -> [Debug] train_epoch 시작: 첫 번째 배치를 기다리는 중...
epoch: 25, time: 5.63/112.15, train_loss: 0.0214, val_loss: 0.0849, F/AE/Dist_err/Rel_dist_err/SELD: 0.10/32.15/0.50/0.29/0.57, best_val_epoch: 22 (0.11/31.42/0.51/0.30/0.57)

[Debug] ================== Epoch 26 시작 ==================
  -> [Debug] train_epoch 시작: 첫 번째 배치를 기다리는 중...
epoch: 26, time: 4.74/113.95, train_loss: 0.0213, val_loss: 0.0766, F/AE/Dist_err/Rel_dist_err/SELD: 0.11/31.24/0.51/0.30/0.57, best_val_epoch: 26 (0.11/31.24/0.51/0.30/0.57)

[Debug] ================== Epoch 27 시작 ==================
  -> [Debug] train_epoch 시작: 첫 번째 배치를 기다리는 중...
epoch: 27, time: 4.65/109.72, train_loss: 0.0206, val_loss: 0.0765, F/AE/Dist_err/Rel_dist_err/SELD: 0.10/32.02/0.52/0.29/0.57, best_val_epoch: 26 (0.11/31.24/0.51/0.30/0.57)

[Debug] ================== Epoch 28 시작 ==================
  -> [Debug] train_epoch 시작: 첫 번째 배치를 기다리는 중...
epoch: 28, time: 5.31/112.45, train_loss: 0.0199, val_loss: 0.0834, F/AE/Dist_err/Rel_dist_err/SELD: 0.09/32.23/0.49/0.28/0.57, best_val_epoch: 26 (0.11/31.24/0.51/0.30/0.57)

[Debug] ================== Epoch 29 시작 ==================
  -> [Debug] train_epoch 시작: 첫 번째 배치를 기다리는 중...
epoch: 29, time: 4.96/111.86, train_loss: 0.0199, val_loss: 0.0869, F/AE/Dist_err/Rel_dist_err/SELD: 0.12/32.70/0.49/0.29/0.57, best_val_epoch: 29 (0.12/32.70/0.49/0.29/0.57)

[Debug] ================== Epoch 30 시작 ==================
  -> [Debug] train_epoch 시작: 첫 번째 배치를 기다리는 중...
epoch: 30, time: 5.19/117.40, train_loss: 0.0198, val_loss: 0.0799, F/AE/Dist_err/Rel_dist_err/SELD: 0.12/30.78/0.53/0.30/0.57, best_val_epoch: 29 (0.12/32.70/0.49/0.29/0.57)

[Debug] ================== Epoch 31 시작 ==================
  -> [Debug] train_epoch 시작: 첫 번째 배치를 기다리는 중...
epoch: 31, time: 4.89/115.88, train_loss: 0.0189, val_loss: 0.0806, F/AE/Dist_err/Rel_dist_err/SELD: 0.11/30.71/0.53/0.29/0.57, best_val_epoch: 29 (0.12/32.70/0.49/0.29/0.57)

[Debug] ================== Epoch 32 시작 ==================
  -> [Debug] train_epoch 시작: 첫 번째 배치를 기다리는 중...
epoch: 32, time: 5.43/114.70, train_loss: 0.0183, val_loss: 0.0800, F/AE/Dist_err/Rel_dist_err/SELD: 0.12/31.22/0.55/0.31/0.57, best_val_epoch: 29 (0.12/32.70/0.49/0.29/0.57)

[Debug] ================== Epoch 33 시작 ==================
  -> [Debug] train_epoch 시작: 첫 번째 배치를 기다리는 중...
epoch: 33, time: 5.73/117.68, train_loss: 0.0187, val_loss: 0.0938, F/AE/Dist_err/Rel_dist_err/SELD: 0.11/31.87/0.51/0.29/0.57, best_val_epoch: 29 (0.12/32.70/0.49/0.29/0.57)

[Debug] ================== Epoch 34 시작 ==================
  -> [Debug] train_epoch 시작: 첫 번째 배치를 기다리는 중...
epoch: 34, time: 5.07/116.06, train_loss: 0.0184, val_loss: 0.0982, F/AE/Dist_err/Rel_dist_err/SELD: 0.12/30.63/0.52/0.30/0.57, best_val_epoch: 29 (0.12/32.70/0.49/0.29/0.57)

[Debug] ================== Epoch 35 시작 ==================
  -> [Debug] train_epoch 시작: 첫 번째 배치를 기다리는 중...
epoch: 35, time: 4.97/92.42, train_loss: 0.0182, val_loss: 0.0920, F/AE/Dist_err/Rel_dist_err/SELD: 0.11/32.39/0.52/0.31/0.57, best_val_epoch: 29 (0.12/32.70/0.49/0.29/0.57)

[Debug] ================== Epoch 36 시작 ==================
  -> [Debug] train_epoch 시작: 첫 번째 배치를 기다리는 중...
epoch: 36, time: 5.11/115.17, train_loss: 0.0176, val_loss: 0.0887, F/AE/Dist_err/Rel_dist_err/SELD: 0.11/31.86/0.54/0.31/0.57, best_val_epoch: 29 (0.12/32.70/0.49/0.29/0.57)

[Debug] ================== Epoch 37 시작 ==================
  -> [Debug] train_epoch 시작: 첫 번째 배치를 기다리는 중...
epoch: 37, time: 5.07/116.83, train_loss: 0.0177, val_loss: 0.0768, F/AE/Dist_err/Rel_dist_err/SELD: 0.12/31.80/0.54/0.31/0.57, best_val_epoch: 29 (0.12/32.70/0.49/0.29/0.57)

[Debug] ================== Epoch 38 시작 ==================
  -> [Debug] train_epoch 시작: 첫 번째 배치를 기다리는 중...
epoch: 38, time: 5.65/117.62, train_loss: 0.0173, val_loss: 0.0796, F/AE/Dist_err/Rel_dist_err/SELD: 0.12/30.98/0.53/0.30/0.57, best_val_epoch: 38 (0.12/30.98/0.53/0.30/0.57)

[Debug] ================== Epoch 39 시작 ==================
  -> [Debug] train_epoch 시작: 첫 번째 배치를 기다리는 중...
epoch: 39, time: 5.56/117.95, train_loss: 0.0176, val_loss: 0.0770, F/AE/Dist_err/Rel_dist_err/SELD: 0.10/31.75/0.53/0.30/0.58, best_val_epoch: 38 (0.12/30.98/0.53/0.30/0.57)

[Debug] ================== Epoch 40 시작 ==================
  -> [Debug] train_epoch 시작: 첫 번째 배치를 기다리는 중...
epoch: 40, time: 5.66/113.33, train_loss: 0.0168, val_loss: 0.0780, F/AE/Dist_err/Rel_dist_err/SELD: 0.11/32.25/0.53/0.30/0.57, best_val_epoch: 38 (0.12/30.98/0.53/0.30/0.57)

[Debug] ================== Epoch 41 시작 ==================
  -> [Debug] train_epoch 시작: 첫 번째 배치를 기다리는 중...
epoch: 41, time: 4.73/113.32, train_loss: 0.0170, val_loss: 0.0750, F/AE/Dist_err/Rel_dist_err/SELD: 0.11/31.78/0.57/0.31/0.58, best_val_epoch: 38 (0.12/30.98/0.53/0.30/0.57)

[Debug] ================== Epoch 42 시작 ==================
  -> [Debug] train_epoch 시작: 첫 번째 배치를 기다리는 중...
epoch: 42, time: 5.25/114.71, train_loss: 0.0169, val_loss: 0.0762, F/AE/Dist_err/Rel_dist_err/SELD: 0.11/32.18/0.53/0.30/0.57, best_val_epoch: 38 (0.12/30.98/0.53/0.30/0.57)

[Debug] ================== Epoch 43 시작 ==================
  -> [Debug] train_epoch 시작: 첫 번째 배치를 기다리는 중...
epoch: 43, time: 5.30/113.27, train_loss: 0.0164, val_loss: 0.0805, F/AE/Dist_err/Rel_dist_err/SELD: 0.11/31.97/0.55/0.31/0.57, best_val_epoch: 38 (0.12/30.98/0.53/0.30/0.57)

[Debug] ================== Epoch 44 시작 ==================
  -> [Debug] train_epoch 시작: 첫 번째 배치를 기다리는 중...
epoch: 44, time: 4.99/115.97, train_loss: 0.0172, val_loss: 0.0796, F/AE/Dist_err/Rel_dist_err/SELD: 0.11/33.15/0.55/0.31/0.58, best_val_epoch: 38 (0.12/30.98/0.53/0.30/0.57)

[Debug] ================== Epoch 45 시작 ==================
  -> [Debug] train_epoch 시작: 첫 번째 배치를 기다리는 중...
epoch: 45, time: 5.26/115.65, train_loss: 0.0165, val_loss: 0.0921, F/AE/Dist_err/Rel_dist_err/SELD: 0.11/36.35/0.54/0.30/0.54, best_val_epoch: 38 (0.12/30.98/0.53/0.30/0.57)

[Debug] ================== Epoch 46 시작 ==================
  -> [Debug] train_epoch 시작: 첫 번째 배치를 기다리는 중...
epoch: 46, time: 5.62/127.40, train_loss: 0.0156, val_loss: 0.0870, F/AE/Dist_err/Rel_dist_err/SELD: 0.11/35.79/0.54/0.29/0.54, best_val_epoch: 38 (0.12/30.98/0.53/0.30/0.57)

[Debug] ================== Epoch 47 시작 ==================
  -> [Debug] train_epoch 시작: 첫 번째 배치를 기다리는 중...
epoch: 47, time: 5.37/117.39, train_loss: 0.0150, val_loss: 0.0859, F/AE/Dist_err/Rel_dist_err/SELD: 0.12/36.46/0.51/0.28/0.53, best_val_epoch: 38 (0.12/30.98/0.53/0.30/0.57)

[Debug] ================== Epoch 48 시작 ==================
  -> [Debug] train_epoch 시작: 첫 번째 배치를 기다리는 중...
epoch: 48, time: 4.97/114.44, train_loss: 0.0157, val_loss: 0.0897, F/AE/Dist_err/Rel_dist_err/SELD: 0.11/34.23/0.51/0.28/0.57, best_val_epoch: 38 (0.12/30.98/0.53/0.30/0.57)

[Debug] ================== Epoch 49 시작 ==================
  -> [Debug] train_epoch 시작: 첫 번째 배치를 기다리는 중...
epoch: 49, time: 5.11/116.95, train_loss: 0.0153, val_loss: 0.1008, F/AE/Dist_err/Rel_dist_err/SELD: 0.11/36.11/0.54/0.30/0.54, best_val_epoch: 38 (0.12/30.98/0.53/0.30/0.57)

[Debug] ================== Epoch 50 시작 ==================
  -> [Debug] train_epoch 시작: 첫 번째 배치를 기다리는 중...
epoch: 50, time: 5.64/119.19, train_loss: 0.0150, val_loss: 0.0839, F/AE/Dist_err/Rel_dist_err/SELD: 0.12/35.57/0.51/0.28/0.53, best_val_epoch: 38 (0.12/30.98/0.53/0.30/0.57)

[Debug] ================== Epoch 51 시작 ==================
  -> [Debug] train_epoch 시작: 첫 번째 배치를 기다리는 중...
epoch: 51, time: 4.99/117.13, train_loss: 0.0154, val_loss: 0.0966, F/AE/Dist_err/Rel_dist_err/SELD: 0.10/35.66/0.52/0.28/0.54, best_val_epoch: 38 (0.12/30.98/0.53/0.30/0.57)

[Debug] ================== Epoch 52 시작 ==================
  -> [Debug] train_epoch 시작: 첫 번째 배치를 기다리는 중...
epoch: 52, time: 5.56/121.64, train_loss: 0.0146, val_loss: 0.0870, F/AE/Dist_err/Rel_dist_err/SELD: 0.11/36.11/0.55/0.30/0.54, best_val_epoch: 38 (0.12/30.98/0.53/0.30/0.57)

[Debug] ================== Epoch 53 시작 ==================
  -> [Debug] train_epoch 시작: 첫 번째 배치를 기다리는 중...
epoch: 53, time: 5.38/118.57, train_loss: 0.0147, val_loss: 0.0965, F/AE/Dist_err/Rel_dist_err/SELD: 0.12/35.94/0.55/0.29/0.54, best_val_epoch: 38 (0.12/30.98/0.53/0.30/0.57)

[Debug] ================== Epoch 54 시작 ==================
  -> [Debug] train_epoch 시작: 첫 번째 배치를 기다리는 중...
epoch: 54, time: 5.11/117.73, train_loss: 0.0150, val_loss: 0.0820, F/AE/Dist_err/Rel_dist_err/SELD: 0.12/35.90/0.52/0.27/0.53, best_val_epoch: 38 (0.12/30.98/0.53/0.30/0.57)

[Debug] ================== Epoch 55 시작 ==================
  -> [Debug] train_epoch 시작: 첫 번째 배치를 기다리는 중...
epoch: 55, time: 5.82/110.21, train_loss: 0.0164, val_loss: 0.0776, F/AE/Dist_err/Rel_dist_err/SELD: 0.10/35.39/0.49/0.24/0.53, best_val_epoch: 38 (0.12/30.98/0.53/0.30/0.57)

[Debug] ================== Epoch 56 시작 ==================
  -> [Debug] train_epoch 시작: 첫 번째 배치를 기다리는 중...
epoch: 56, time: 5.01/114.78, train_loss: 0.0232, val_loss: 0.0927, F/AE/Dist_err/Rel_dist_err/SELD: 0.10/35.58/0.50/0.28/0.53, best_val_epoch: 38 (0.12/30.98/0.53/0.30/0.57)

[Debug] ================== Epoch 57 시작 ==================
  -> [Debug] train_epoch 시작: 첫 번째 배치를 기다리는 중...
epoch: 57, time: 5.33/150.61, train_loss: 0.0178, val_loss: 0.1457, F/AE/Dist_err/Rel_dist_err/SELD: 0.14/36.76/0.52/0.29/0.53, best_val_epoch: 57 (0.14/36.76/0.52/0.29/0.53)

[Debug] ================== Epoch 58 시작 ==================
  -> [Debug] train_epoch 시작: 첫 번째 배치를 기다리는 중...
epoch: 58, time: 5.64/120.57, train_loss: 0.0160, val_loss: 0.1330, F/AE/Dist_err/Rel_dist_err/SELD: 0.12/35.64/0.51/0.28/0.53, best_val_epoch: 57 (0.14/36.76/0.52/0.29/0.53)

[Debug] ================== Epoch 59 시작 ==================
  -> [Debug] train_epoch 시작: 첫 번째 배치를 기다리는 중...
epoch: 59, time: 5.59/156.91, train_loss: 0.0150, val_loss: 0.1537, F/AE/Dist_err/Rel_dist_err/SELD: 0.12/36.35/0.53/0.29/0.54, best_val_epoch: 57 (0.14/36.76/0.52/0.29/0.53)

[Debug] ================== Epoch 60 시작 ==================
  -> [Debug] train_epoch 시작: 첫 번째 배치를 기다리는 중...
epoch: 60, time: 5.55/118.18, train_loss: 0.0141, val_loss: 0.1279, F/AE/Dist_err/Rel_dist_err/SELD: 0.12/35.83/0.54/0.29/0.53, best_val_epoch: 57 (0.14/36.76/0.52/0.29/0.53)

[Debug] ================== Epoch 61 시작 ==================
  -> [Debug] train_epoch 시작: 첫 번째 배치를 기다리는 중...
epoch: 61, time: 5.52/118.66, train_loss: 0.0137, val_loss: 0.1137, F/AE/Dist_err/Rel_dist_err/SELD: 0.11/36.15/0.54/0.29/0.54, best_val_epoch: 57 (0.14/36.76/0.52/0.29/0.53)

[Debug] ================== Epoch 62 시작 ==================
  -> [Debug] train_epoch 시작: 첫 번째 배치를 기다리는 중...
epoch: 62, time: 5.71/117.27, train_loss: 0.0134, val_loss: 0.0958, F/AE/Dist_err/Rel_dist_err/SELD: 0.12/34.89/0.50/0.26/0.52, best_val_epoch: 57 (0.14/36.76/0.52/0.29/0.53)

[Debug] ================== Epoch 63 시작 ==================
  -> [Debug] train_epoch 시작: 첫 번째 배치를 기다리는 중...
epoch: 63, time: 5.37/117.65, train_loss: 0.0128, val_loss: 0.1029, F/AE/Dist_err/Rel_dist_err/SELD: 0.13/35.70/0.51/0.27/0.53, best_val_epoch: 57 (0.14/36.76/0.52/0.29/0.53)

[Debug] ================== Epoch 64 시작 ==================
  -> [Debug] train_epoch 시작: 첫 번째 배치를 기다리는 중...
epoch: 64, time: 5.90/122.63, train_loss: 0.0128, val_loss: 0.0957, F/AE/Dist_err/Rel_dist_err/SELD: 0.12/36.53/0.52/0.28/0.53, best_val_epoch: 57 (0.14/36.76/0.52/0.29/0.53)

[Debug] ================== Epoch 65 시작 ==================
  -> [Debug] train_epoch 시작: 첫 번째 배치를 기다리는 중...
epoch: 65, time: 5.76/120.22, train_loss: 0.0126, val_loss: 0.1041, F/AE/Dist_err/Rel_dist_err/SELD: 0.12/36.40/0.50/0.27/0.53, best_val_epoch: 57 (0.14/36.76/0.52/0.29/0.53)

[Debug] ================== Epoch 66 시작 ==================
  -> [Debug] train_epoch 시작: 첫 번째 배치를 기다리는 중...
epoch: 66, time: 5.69/117.85, train_loss: 0.0132, val_loss: 0.0958, F/AE/Dist_err/Rel_dist_err/SELD: 0.12/36.74/0.51/0.27/0.53, best_val_epoch: 57 (0.14/36.76/0.52/0.29/0.53)

[Debug] ================== Epoch 67 시작 ==================
  -> [Debug] train_epoch 시작: 첫 번째 배치를 기다리는 중...
epoch: 67, time: 6.12/120.01, train_loss: 0.0132, val_loss: 0.1074, F/AE/Dist_err/Rel_dist_err/SELD: 0.12/36.59/0.48/0.27/0.53, best_val_epoch: 57 (0.14/36.76/0.52/0.29/0.53)

[Debug] ================== Epoch 68 시작 ==================
  -> [Debug] train_epoch 시작: 첫 번째 배치를 기다리는 중...
epoch: 68, time: 6.18/124.02, train_loss: 0.0133, val_loss: 0.0946, F/AE/Dist_err/Rel_dist_err/SELD: 0.13/37.53/0.53/0.29/0.53, best_val_epoch: 57 (0.14/36.76/0.52/0.29/0.53)

[Debug] ================== Epoch 69 시작 ==================
  -> [Debug] train_epoch 시작: 첫 번째 배치를 기다리는 중...
epoch: 69, time: 5.94/120.65, train_loss: 0.0127, val_loss: 0.0868, F/AE/Dist_err/Rel_dist_err/SELD: 0.12/36.86/0.49/0.25/0.52, best_val_epoch: 57 (0.14/36.76/0.52/0.29/0.53)

[Debug] ================== Epoch 70 시작 ==================
  -> [Debug] train_epoch 시작: 첫 번째 배치를 기다리는 중...
epoch: 70, time: 6.27/121.33, train_loss: 0.0130, val_loss: 0.0878, F/AE/Dist_err/Rel_dist_err/SELD: 0.12/36.12/0.52/0.28/0.53, best_val_epoch: 57 (0.14/36.76/0.52/0.29/0.53)

[Debug] ================== Epoch 71 시작 ==================
  -> [Debug] train_epoch 시작: 첫 번째 배치를 기다리는 중...
epoch: 71, time: 7.37/125.96, train_loss: 0.0126, val_loss: 0.0794, F/AE/Dist_err/Rel_dist_err/SELD: 0.12/36.42/0.52/0.28/0.53, best_val_epoch: 57 (0.14/36.76/0.52/0.29/0.53)

[Debug] ================== Epoch 72 시작 ==================
  -> [Debug] train_epoch 시작: 첫 번째 배치를 기다리는 중...
epoch: 72, time: 6.07/123.72, train_loss: 0.0119, val_loss: 0.0827, F/AE/Dist_err/Rel_dist_err/SELD: 0.13/37.40/0.49/0.27/0.53, best_val_epoch: 57 (0.14/36.76/0.52/0.29/0.53)

[Debug] ================== Epoch 73 시작 ==================
  -> [Debug] train_epoch 시작: 첫 번째 배치를 기다리는 중...
epoch: 73, time: 6.81/121.98, train_loss: 0.0118, val_loss: 0.0882, F/AE/Dist_err/Rel_dist_err/SELD: 0.13/35.91/0.49/0.27/0.52, best_val_epoch: 57 (0.14/36.76/0.52/0.29/0.53)

[Debug] ================== Epoch 74 시작 ==================
  -> [Debug] train_epoch 시작: 첫 번째 배치를 기다리는 중...
epoch: 74, time: 6.44/125.24, train_loss: 0.0119, val_loss: 0.0838, F/AE/Dist_err/Rel_dist_err/SELD: 0.13/37.56/0.50/0.27/0.53, best_val_epoch: 57 (0.14/36.76/0.52/0.29/0.53)

[Debug] ================== Epoch 75 시작 ==================
  -> [Debug] train_epoch 시작: 첫 번째 배치를 기다리는 중...
epoch: 75, time: 5.38/132.13, train_loss: 0.0113, val_loss: 0.0911, F/AE/Dist_err/Rel_dist_err/SELD: 0.12/36.65/0.52/0.27/0.53, best_val_epoch: 57 (0.14/36.76/0.52/0.29/0.53)

[Debug] ================== Epoch 76 시작 ==================
  -> [Debug] train_epoch 시작: 첫 번째 배치를 기다리는 중...
epoch: 76, time: 6.15/124.62, train_loss: 0.0113, val_loss: 0.0961, F/AE/Dist_err/Rel_dist_err/SELD: 0.13/37.32/0.51/0.29/0.53, best_val_epoch: 57 (0.14/36.76/0.52/0.29/0.53)

[Debug] ================== Epoch 77 시작 ==================
  -> [Debug] train_epoch 시작: 첫 번째 배치를 기다리는 중...
epoch: 77, time: 6.86/121.80, train_loss: 0.0115, val_loss: 0.0919, F/AE/Dist_err/Rel_dist_err/SELD: 0.12/37.20/0.48/0.27/0.53, best_val_epoch: 57 (0.14/36.76/0.52/0.29/0.53)

[Debug] ================== Epoch 78 시작 ==================
  -> [Debug] train_epoch 시작: 첫 번째 배치를 기다리는 중...
epoch: 78, time: 6.78/118.30, train_loss: 0.0118, val_loss: 0.0928, F/AE/Dist_err/Rel_dist_err/SELD: 0.13/37.37/0.50/0.27/0.53, best_val_epoch: 57 (0.14/36.76/0.52/0.29/0.53)

[Debug] ================== Epoch 79 시작 ==================
  -> [Debug] train_epoch 시작: 첫 번째 배치를 기다리는 중...
epoch: 79, time: 6.09/121.24, train_loss: 0.0118, val_loss: 0.0910, F/AE/Dist_err/Rel_dist_err/SELD: 0.12/35.99/0.53/0.28/0.53, best_val_epoch: 57 (0.14/36.76/0.52/0.29/0.53)

[Debug] ================== Epoch 80 시작 ==================
  -> [Debug] train_epoch 시작: 첫 번째 배치를 기다리는 중...
epoch: 80, time: 6.17/120.46, train_loss: 0.0113, val_loss: 0.0999, F/AE/Dist_err/Rel_dist_err/SELD: 0.12/38.06/0.51/0.27/0.53, best_val_epoch: 57 (0.14/36.76/0.52/0.29/0.53)

[Debug] ================== Epoch 81 시작 ==================
  -> [Debug] train_epoch 시작: 첫 번째 배치를 기다리는 중...
epoch: 81, time: 6.24/122.75, train_loss: 0.0111, val_loss: 0.0878, F/AE/Dist_err/Rel_dist_err/SELD: 0.11/38.42/0.56/0.30/0.54, best_val_epoch: 57 (0.14/36.76/0.52/0.29/0.53)

[Debug] ================== Epoch 82 시작 ==================
  -> [Debug] train_epoch 시작: 첫 번째 배치를 기다리는 중...
epoch: 82, time: 8.78/122.24, train_loss: 0.0112, val_loss: 0.0882, F/AE/Dist_err/Rel_dist_err/SELD: 0.13/38.10/0.51/0.28/0.53, best_val_epoch: 57 (0.14/36.76/0.52/0.29/0.53)

[Debug] ================== Epoch 83 시작 ==================
  -> [Debug] train_epoch 시작: 첫 번째 배치를 기다리는 중...
epoch: 83, time: 6.77/120.23, train_loss: 0.0108, val_loss: 0.0999, F/AE/Dist_err/Rel_dist_err/SELD: 0.12/36.96/0.51/0.28/0.53, best_val_epoch: 57 (0.14/36.76/0.52/0.29/0.53)

[Debug] ================== Epoch 84 시작 ==================
  -> [Debug] train_epoch 시작: 첫 번째 배치를 기다리는 중...
epoch: 84, time: 6.10/122.15, train_loss: 0.0112, val_loss: 0.0944, F/AE/Dist_err/Rel_dist_err/SELD: 0.13/36.11/0.52/0.28/0.53, best_val_epoch: 57 (0.14/36.76/0.52/0.29/0.53)

[Debug] ================== Epoch 85 시작 ==================
  -> [Debug] train_epoch 시작: 첫 번째 배치를 기다리는 중...
epoch: 85, time: 5.61/121.00, train_loss: 0.0108, val_loss: 0.0939, F/AE/Dist_err/Rel_dist_err/SELD: 0.12/36.33/0.52/0.29/0.53, best_val_epoch: 57 (0.14/36.76/0.52/0.29/0.53)

[Debug] ================== Epoch 86 시작 ==================
  -> [Debug] train_epoch 시작: 첫 번째 배치를 기다리는 중...
epoch: 86, time: 6.62/117.53, train_loss: 0.0110, val_loss: 0.0968, F/AE/Dist_err/Rel_dist_err/SELD: 0.12/36.40/0.52/0.29/0.53, best_val_epoch: 57 (0.14/36.76/0.52/0.29/0.53)

[Debug] ================== Epoch 87 시작 ==================
  -> [Debug] train_epoch 시작: 첫 번째 배치를 기다리는 중...
epoch: 87, time: 6.11/119.41, train_loss: 0.0107, val_loss: 0.0924, F/AE/Dist_err/Rel_dist_err/SELD: 0.12/38.26/0.52/0.30/0.54, best_val_epoch: 57 (0.14/36.76/0.52/0.29/0.53)

[Debug] ================== Epoch 88 시작 ==================
  -> [Debug] train_epoch 시작: 첫 번째 배치를 기다리는 중...
epoch: 88, time: 6.47/120.32, train_loss: 0.0105, val_loss: 0.0835, F/AE/Dist_err/Rel_dist_err/SELD: 0.12/36.49/0.50/0.28/0.53, best_val_epoch: 57 (0.14/36.76/0.52/0.29/0.53)

[Debug] ================== Epoch 89 시작 ==================
  -> [Debug] train_epoch 시작: 첫 번째 배치를 기다리는 중...
epoch: 89, time: 6.42/118.86, train_loss: 0.0111, val_loss: 0.0906, F/AE/Dist_err/Rel_dist_err/SELD: 0.12/36.81/0.52/0.28/0.53, best_val_epoch: 57 (0.14/36.76/0.52/0.29/0.53)

[Debug] ================== Epoch 90 시작 ==================
  -> [Debug] train_epoch 시작: 첫 번째 배치를 기다리는 중...
epoch: 90, time: 6.06/121.36, train_loss: 0.0107, val_loss: 0.0909, F/AE/Dist_err/Rel_dist_err/SELD: 0.13/37.32/0.54/0.31/0.54, best_val_epoch: 57 (0.14/36.76/0.52/0.29/0.53)

[Debug] ================== Epoch 91 시작 ==================
  -> [Debug] train_epoch 시작: 첫 번째 배치를 기다리는 중...
epoch: 91, time: 6.52/119.46, train_loss: 0.0110, val_loss: 0.0776, F/AE/Dist_err/Rel_dist_err/SELD: 0.11/38.89/0.54/0.29/0.54, best_val_epoch: 57 (0.14/36.76/0.52/0.29/0.53)

[Debug] ================== Epoch 92 시작 ==================
  -> [Debug] train_epoch 시작: 첫 번째 배치를 기다리는 중...
epoch: 92, time: 6.40/120.97, train_loss: 0.0108, val_loss: 0.0996, F/AE/Dist_err/Rel_dist_err/SELD: 0.11/37.42/0.51/0.28/0.54, best_val_epoch: 57 (0.14/36.76/0.52/0.29/0.53)

[Debug] ================== Epoch 93 시작 ==================
  -> [Debug] train_epoch 시작: 첫 번째 배치를 기다리는 중...
epoch: 93, time: 6.87/121.41, train_loss: 0.0111, val_loss: 0.0867, F/AE/Dist_err/Rel_dist_err/SELD: 0.12/37.41/0.51/0.28/0.53, best_val_epoch: 57 (0.14/36.76/0.52/0.29/0.53)

[Debug] ================== Epoch 94 시작 ==================
  -> [Debug] train_epoch 시작: 첫 번째 배치를 기다리는 중...
epoch: 94, time: 7.08/124.66, train_loss: 0.0111, val_loss: 0.1244, F/AE/Dist_err/Rel_dist_err/SELD: 0.12/39.83/0.54/0.31/0.54, best_val_epoch: 57 (0.14/36.76/0.52/0.29/0.53)

[Debug] ================== Epoch 95 시작 ==================
  -> [Debug] train_epoch 시작: 첫 번째 배치를 기다리는 중...
epoch: 95, time: 7.51/121.04, train_loss: 0.0110, val_loss: 0.0972, F/AE/Dist_err/Rel_dist_err/SELD: 0.13/37.92/0.53/0.29/0.54, best_val_epoch: 57 (0.14/36.76/0.52/0.29/0.53)

[Debug] ================== Epoch 96 시작 ==================
  -> [Debug] train_epoch 시작: 첫 번째 배치를 기다리는 중...
epoch: 96, time: 6.41/121.03, train_loss: 0.0108, val_loss: 0.0879, F/AE/Dist_err/Rel_dist_err/SELD: 0.13/38.04/0.53/0.30/0.54, best_val_epoch: 57 (0.14/36.76/0.52/0.29/0.53)

[Debug] ================== Epoch 97 시작 ==================
  -> [Debug] train_epoch 시작: 첫 번째 배치를 기다리는 중...
epoch: 97, time: 6.16/122.92, train_loss: 0.0106, val_loss: 0.0933, F/AE/Dist_err/Rel_dist_err/SELD: 0.13/37.62/0.51/0.29/0.53, best_val_epoch: 57 (0.14/36.76/0.52/0.29/0.53)

[Debug] ================== Epoch 98 시작 ==================
  -> [Debug] train_epoch 시작: 첫 번째 배치를 기다리는 중...
epoch: 98, time: 6.90/119.07, train_loss: 0.0107, val_loss: 0.0823, F/AE/Dist_err/Rel_dist_err/SELD: 0.13/37.49/0.52/0.29/0.53, best_val_epoch: 57 (0.14/36.76/0.52/0.29/0.53)

[Debug] ================== Epoch 99 시작 ==================
  -> [Debug] train_epoch 시작: 첫 번째 배치를 기다리는 중...
epoch: 99, time: 5.08/119.45, train_loss: 0.0101, val_loss: 0.0891, F/AE/Dist_err/Rel_dist_err/SELD: 0.13/39.00/0.55/0.31/0.54, best_val_epoch: 57 (0.14/36.76/0.52/0.29/0.53)

[Debug] ================== Epoch 100 시작 ==================
  -> [Debug] train_epoch 시작: 첫 번째 배치를 기다리는 중...
epoch: 100, time: 6.43/121.52, train_loss: 0.0099, val_loss: 0.0951, F/AE/Dist_err/Rel_dist_err/SELD: 0.13/37.15/0.60/0.32/0.54, best_val_epoch: 57 (0.14/36.76/0.52/0.29/0.53)

[Debug] ================== Epoch 101 시작 ==================
  -> [Debug] train_epoch 시작: 첫 번째 배치를 기다리는 중...
epoch: 101, time: 5.89/119.69, train_loss: 0.0104, val_loss: 0.0838, F/AE/Dist_err/Rel_dist_err/SELD: 0.12/40.56/0.56/0.31/0.55, best_val_epoch: 57 (0.14/36.76/0.52/0.29/0.53)

[Debug] ================== Epoch 102 시작 ==================
  -> [Debug] train_epoch 시작: 첫 번째 배치를 기다리는 중...
epoch: 102, time: 6.31/121.87, train_loss: 0.0103, val_loss: 0.0735, F/AE/Dist_err/Rel_dist_err/SELD: 0.13/37.94/0.52/0.30/0.54, best_val_epoch: 57 (0.14/36.76/0.52/0.29/0.53)

[Debug] ================== Epoch 103 시작 ==================
  -> [Debug] train_epoch 시작: 첫 번째 배치를 기다리는 중...
epoch: 103, time: 6.71/119.66, train_loss: 0.0102, val_loss: 0.0777, F/AE/Dist_err/Rel_dist_err/SELD: 0.13/38.02/0.59/0.33/0.54, best_val_epoch: 57 (0.14/36.76/0.52/0.29/0.53)

[Debug] ================== Epoch 104 시작 ==================
  -> [Debug] train_epoch 시작: 첫 번째 배치를 기다리는 중...
epoch: 104, time: 6.33/121.02, train_loss: 0.0102, val_loss: 0.0936, F/AE/Dist_err/Rel_dist_err/SELD: 0.13/38.01/0.55/0.31/0.54, best_val_epoch: 57 (0.14/36.76/0.52/0.29/0.53)

[Debug] ================== Epoch 105 시작 ==================
  -> [Debug] train_epoch 시작: 첫 번째 배치를 기다리는 중...
epoch: 105, time: 5.78/122.03, train_loss: 0.0102, val_loss: 0.0918, F/AE/Dist_err/Rel_dist_err/SELD: 0.12/38.17/0.55/0.31/0.54, best_val_epoch: 57 (0.14/36.76/0.52/0.29/0.53)

[Debug] ================== Epoch 106 시작 ==================
  -> [Debug] train_epoch 시작: 첫 번째 배치를 기다리는 중...
epoch: 106, time: 6.76/120.52, train_loss: 0.0096, val_loss: 0.0852, F/AE/Dist_err/Rel_dist_err/SELD: 0.13/37.79/0.52/0.30/0.54, best_val_epoch: 57 (0.14/36.76/0.52/0.29/0.53)

[Debug] ================== Epoch 107 시작 ==================
  -> [Debug] train_epoch 시작: 첫 번째 배치를 기다리는 중...
epoch: 107, time: 5.85/121.66, train_loss: 0.0097, val_loss: 0.0865, F/AE/Dist_err/Rel_dist_err/SELD: 0.12/36.97/0.54/0.30/0.54, best_val_epoch: 57 (0.14/36.76/0.52/0.29/0.53)

[Debug] ================== Epoch 108 시작 ==================
  -> [Debug] train_epoch 시작: 첫 번째 배치를 기다리는 중...
epoch: 108, time: 5.16/122.32, train_loss: 0.0095, val_loss: 0.0852, F/AE/Dist_err/Rel_dist_err/SELD: 0.14/36.74/0.52/0.29/0.53, best_val_epoch: 57 (0.14/36.76/0.52/0.29/0.53)

[Debug] ================== Epoch 109 시작 ==================
  -> [Debug] train_epoch 시작: 첫 번째 배치를 기다리는 중...
epoch: 109, time: 6.12/124.67, train_loss: 0.0092, val_loss: 0.0873, F/AE/Dist_err/Rel_dist_err/SELD: 0.13/37.11/0.52/0.29/0.53, best_val_epoch: 57 (0.14/36.76/0.52/0.29/0.53)

[Debug] ================== Epoch 110 시작 ==================
  -> [Debug] train_epoch 시작: 첫 번째 배치를 기다리는 중...
epoch: 110, time: 5.18/118.36, train_loss: 0.0091, val_loss: 0.0780, F/AE/Dist_err/Rel_dist_err/SELD: 0.12/37.73/0.50/0.28/0.53, best_val_epoch: 57 (0.14/36.76/0.52/0.29/0.53)

[Debug] ================== Epoch 111 시작 ==================
  -> [Debug] train_epoch 시작: 첫 번째 배치를 기다리는 중...
epoch: 111, time: 6.30/120.56, train_loss: 0.0094, val_loss: 0.0864, F/AE/Dist_err/Rel_dist_err/SELD: 0.13/37.84/0.51/0.28/0.53, best_val_epoch: 57 (0.14/36.76/0.52/0.29/0.53)

[Debug] ================== Epoch 112 시작 ==================
  -> [Debug] train_epoch 시작: 첫 번째 배치를 기다리는 중...
epoch: 112, time: 6.73/128.13, train_loss: 0.0093, val_loss: 0.0842, F/AE/Dist_err/Rel_dist_err/SELD: 0.13/38.02/0.51/0.29/0.53, best_val_epoch: 57 (0.14/36.76/0.52/0.29/0.53)

[Debug] ================== Epoch 113 시작 ==================
  -> [Debug] train_epoch 시작: 첫 번째 배치를 기다리는 중...
epoch: 113, time: 6.89/127.06, train_loss: 0.0093, val_loss: 0.0874, F/AE/Dist_err/Rel_dist_err/SELD: 0.13/37.73/0.54/0.30/0.54, best_val_epoch: 57 (0.14/36.76/0.52/0.29/0.53)

[Debug] ================== Epoch 114 시작 ==================
  -> [Debug] train_epoch 시작: 첫 번째 배치를 기다리는 중...
epoch: 114, time: 6.29/127.93, train_loss: 0.0093, val_loss: 0.0952, F/AE/Dist_err/Rel_dist_err/SELD: 0.12/38.47/0.56/0.31/0.54, best_val_epoch: 57 (0.14/36.76/0.52/0.29/0.53)

[Debug] ================== Epoch 115 시작 ==================
  -> [Debug] train_epoch 시작: 첫 번째 배치를 기다리는 중...
epoch: 115, time: 6.94/123.31, train_loss: 0.0094, val_loss: 0.0929, F/AE/Dist_err/Rel_dist_err/SELD: 0.14/37.26/0.51/0.28/0.53, best_val_epoch: 57 (0.14/36.76/0.52/0.29/0.53)

[Debug] ================== Epoch 116 시작 ==================
  -> [Debug] train_epoch 시작: 첫 번째 배치를 기다리는 중...
epoch: 116, time: 7.61/122.71, train_loss: 0.0096, val_loss: 0.1017, F/AE/Dist_err/Rel_dist_err/SELD: 0.13/36.61/0.51/0.27/0.53, best_val_epoch: 57 (0.14/36.76/0.52/0.29/0.53)

[Debug] ================== Epoch 117 시작 ==================
  -> [Debug] train_epoch 시작: 첫 번째 배치를 기다리는 중...
epoch: 117, time: 6.33/124.29, train_loss: 0.0094, val_loss: 0.0966, F/AE/Dist_err/Rel_dist_err/SELD: 0.13/37.90/0.53/0.29/0.53, best_val_epoch: 57 (0.14/36.76/0.52/0.29/0.53)

[Debug] ================== Epoch 118 시작 ==================
  -> [Debug] train_epoch 시작: 첫 번째 배치를 기다리는 중...
epoch: 118, time: 7.32/123.04, train_loss: 0.0092, val_loss: 0.0934, F/AE/Dist_err/Rel_dist_err/SELD: 0.12/37.05/0.51/0.28/0.53, best_val_epoch: 57 (0.14/36.76/0.52/0.29/0.53)

[Debug] ================== Epoch 119 시작 ==================
  -> [Debug] train_epoch 시작: 첫 번째 배치를 기다리는 중...
epoch: 119, time: 6.82/122.67, train_loss: 0.0093, val_loss: 0.0889, F/AE/Dist_err/Rel_dist_err/SELD: 0.13/38.55/0.55/0.29/0.54, best_val_epoch: 57 (0.14/36.76/0.52/0.29/0.53)

[Debug] ================== Epoch 120 시작 ==================
  -> [Debug] train_epoch 시작: 첫 번째 배치를 기다리는 중...
epoch: 120, time: 6.28/152.16, train_loss: 0.0088, val_loss: 0.0895, F/AE/Dist_err/Rel_dist_err/SELD: 0.12/36.82/0.55/0.30/0.54, best_val_epoch: 57 (0.14/36.76/0.52/0.29/0.53)

[Debug] ================== Epoch 121 시작 ==================
  -> [Debug] train_epoch 시작: 첫 번째 배치를 기다리는 중...
epoch: 121, time: 6.66/122.25, train_loss: 0.0088, val_loss: 0.0873, F/AE/Dist_err/Rel_dist_err/SELD: 0.13/41.80/0.56/0.29/0.50, best_val_epoch: 57 (0.14/36.76/0.52/0.29/0.53)

[Debug] ================== Epoch 122 시작 ==================
  -> [Debug] train_epoch 시작: 첫 번째 배치를 기다리는 중...
epoch: 122, time: 5.82/123.69, train_loss: 0.0088, val_loss: 0.0941, F/AE/Dist_err/Rel_dist_err/SELD: 0.12/37.11/0.57/0.30/0.54, best_val_epoch: 57 (0.14/36.76/0.52/0.29/0.53)

[Debug] ================== Epoch 123 시작 ==================
  -> [Debug] train_epoch 시작: 첫 번째 배치를 기다리는 중...
epoch: 123, time: 5.84/121.11, train_loss: 0.0091, val_loss: 0.0887, F/AE/Dist_err/Rel_dist_err/SELD: 0.14/35.78/0.53/0.28/0.52, best_val_epoch: 57 (0.14/36.76/0.52/0.29/0.53)

[Debug] ================== Epoch 124 시작 ==================
  -> [Debug] train_epoch 시작: 첫 번째 배치를 기다리는 중...
epoch: 124, time: 7.40/123.25, train_loss: 0.0087, val_loss: 0.0880, F/AE/Dist_err/Rel_dist_err/SELD: 0.13/37.36/0.58/0.32/0.54, best_val_epoch: 57 (0.14/36.76/0.52/0.29/0.53)

[Debug] ================== Epoch 125 시작 ==================
  -> [Debug] train_epoch 시작: 첫 번째 배치를 기다리는 중...
epoch: 125, time: 7.17/116.86, train_loss: 0.0090, val_loss: 0.0901, F/AE/Dist_err/Rel_dist_err/SELD: 0.13/37.09/0.55/0.30/0.53, best_val_epoch: 57 (0.14/36.76/0.52/0.29/0.53)

[Debug] ================== Epoch 126 시작 ==================
  -> [Debug] train_epoch 시작: 첫 번째 배치를 기다리는 중...
epoch: 126, time: 6.56/126.75, train_loss: 0.0085, val_loss: 0.0903, F/AE/Dist_err/Rel_dist_err/SELD: 0.13/38.34/0.53/0.29/0.53, best_val_epoch: 57 (0.14/36.76/0.52/0.29/0.53)

[Debug] ================== Epoch 127 시작 ==================
  -> [Debug] train_epoch 시작: 첫 번째 배치를 기다리는 중...
epoch: 127, time: 6.23/153.58, train_loss: 0.0085, val_loss: 0.0913, F/AE/Dist_err/Rel_dist_err/SELD: 0.13/36.64/0.55/0.30/0.53, best_val_epoch: 57 (0.14/36.76/0.52/0.29/0.53)

[Debug] ================== Epoch 128 시작 ==================
  -> [Debug] train_epoch 시작: 첫 번째 배치를 기다리는 중...
epoch: 128, time: 6.62/125.81, train_loss: 0.0086, val_loss: 0.1014, F/AE/Dist_err/Rel_dist_err/SELD: 0.13/38.64/0.55/0.29/0.54, best_val_epoch: 57 (0.14/36.76/0.52/0.29/0.53)

[Debug] ================== Epoch 129 시작 ==================
  -> [Debug] train_epoch 시작: 첫 번째 배치를 기다리는 중...
epoch: 129, time: 7.21/148.39, train_loss: 0.0085, val_loss: 0.0914, F/AE/Dist_err/Rel_dist_err/SELD: 0.12/37.97/0.52/0.29/0.54, best_val_epoch: 57 (0.14/36.76/0.52/0.29/0.53)

[Debug] ================== Epoch 130 시작 ==================
  -> [Debug] train_epoch 시작: 첫 번째 배치를 기다리는 중...
epoch: 130, time: 5.26/115.87, train_loss: 0.0086, val_loss: 0.0869, F/AE/Dist_err/Rel_dist_err/SELD: 0.13/39.90/0.57/0.32/0.51, best_val_epoch: 57 (0.14/36.76/0.52/0.29/0.53)

[Debug] ================== Epoch 131 시작 ==================
  -> [Debug] train_epoch 시작: 첫 번째 배치를 기다리는 중...
epoch: 131, time: 4.86/106.90, train_loss: 0.0089, val_loss: 0.0905, F/AE/Dist_err/Rel_dist_err/SELD: 0.13/37.26/0.56/0.30/0.54, best_val_epoch: 57 (0.14/36.76/0.52/0.29/0.53)

[Debug] ================== Epoch 132 시작 ==================
  -> [Debug] train_epoch 시작: 첫 번째 배치를 기다리는 중...
epoch: 132, time: 4.72/121.67, train_loss: 0.0083, val_loss: 0.0903, F/AE/Dist_err/Rel_dist_err/SELD: 0.13/38.09/0.55/0.29/0.54, best_val_epoch: 57 (0.14/36.76/0.52/0.29/0.53)

[Debug] ================== Epoch 133 시작 ==================
  -> [Debug] train_epoch 시작: 첫 번째 배치를 기다리는 중...
epoch: 133, time: 6.71/124.04, train_loss: 0.0082, val_loss: 0.0941, F/AE/Dist_err/Rel_dist_err/SELD: 0.12/37.43/0.54/0.29/0.54, best_val_epoch: 57 (0.14/36.76/0.52/0.29/0.53)

[Debug] ================== Epoch 134 시작 ==================
  -> [Debug] train_epoch 시작: 첫 번째 배치를 기다리는 중...
epoch: 134, time: 4.52/119.12, train_loss: 0.0083, val_loss: 0.0822, F/AE/Dist_err/Rel_dist_err/SELD: 0.13/38.34/0.55/0.29/0.54, best_val_epoch: 57 (0.14/36.76/0.52/0.29/0.53)

[Debug] ================== Epoch 135 시작 ==================
  -> [Debug] train_epoch 시작: 첫 번째 배치를 기다리는 중...
epoch: 135, time: 5.42/127.24, train_loss: 0.0082, val_loss: 0.0753, F/AE/Dist_err/Rel_dist_err/SELD: 0.12/38.53/0.54/0.29/0.54, best_val_epoch: 57 (0.14/36.76/0.52/0.29/0.53)

[Debug] ================== Epoch 136 시작 ==================
  -> [Debug] train_epoch 시작: 첫 번째 배치를 기다리는 중...
epoch: 136, time: 6.20/123.70, train_loss: 0.0077, val_loss: 0.0872, F/AE/Dist_err/Rel_dist_err/SELD: 0.13/40.09/0.59/0.32/0.51, best_val_epoch: 57 (0.14/36.76/0.52/0.29/0.53)

[Debug] ================== Epoch 137 시작 ==================
  -> [Debug] train_epoch 시작: 첫 번째 배치를 기다리는 중...
epoch: 137, time: 5.96/121.54, train_loss: 0.0077, val_loss: 0.0807, F/AE/Dist_err/Rel_dist_err/SELD: 0.12/38.48/0.55/0.30/0.54, best_val_epoch: 57 (0.14/36.76/0.52/0.29/0.53)

[Debug] ================== Epoch 138 시작 ==================
  -> [Debug] train_epoch 시작: 첫 번째 배치를 기다리는 중...
epoch: 138, time: 7.26/150.84, train_loss: 0.0079, val_loss: 0.0873, F/AE/Dist_err/Rel_dist_err/SELD: 0.13/37.44/0.54/0.29/0.53, best_val_epoch: 57 (0.14/36.76/0.52/0.29/0.53)

[Debug] ================== Epoch 139 시작 ==================
  -> [Debug] train_epoch 시작: 첫 번째 배치를 기다리는 중...
epoch: 139, time: 13.29/91.68, train_loss: 0.0086, val_loss: 0.0743, F/AE/Dist_err/Rel_dist_err/SELD: 0.13/37.93/0.57/0.31/0.54, best_val_epoch: 57 (0.14/36.76/0.52/0.29/0.53)

[Debug] ================== Epoch 140 시작 ==================
  -> [Debug] train_epoch 시작: 첫 번째 배치를 기다리는 중...
epoch: 140, time: 6.88/88.57, train_loss: 0.0095, val_loss: 0.0525, F/AE/Dist_err/Rel_dist_err/SELD: 0.11/39.90/0.53/0.29/0.54, best_val_epoch: 57 (0.14/36.76/0.52/0.29/0.53)

[Debug] ================== Epoch 141 시작 ==================
  -> [Debug] train_epoch 시작: 첫 번째 배치를 기다리는 중...
epoch: 141, time: 7.46/133.35, train_loss: 0.0099, val_loss: 0.0751, F/AE/Dist_err/Rel_dist_err/SELD: 0.13/37.35/0.50/0.28/0.53, best_val_epoch: 57 (0.14/36.76/0.52/0.29/0.53)

[Debug] ================== Epoch 142 시작 ==================
  -> [Debug] train_epoch 시작: 첫 번째 배치를 기다리는 중...
epoch: 142, time: 5.99/112.78, train_loss: 0.0093, val_loss: 0.0874, F/AE/Dist_err/Rel_dist_err/SELD: 0.14/38.86/0.52/0.29/0.53, best_val_epoch: 142 (0.14/38.86/0.52/0.29/0.53)

[Debug] ================== Epoch 143 시작 ==================
  -> [Debug] train_epoch 시작: 첫 번째 배치를 기다리는 중...
epoch: 143, time: 6.17/121.48, train_loss: 0.0091, val_loss: 0.0827, F/AE/Dist_err/Rel_dist_err/SELD: 0.13/37.42/0.53/0.30/0.54, best_val_epoch: 142 (0.14/38.86/0.52/0.29/0.53)

[Debug] ================== Epoch 144 시작 ==================
  -> [Debug] train_epoch 시작: 첫 번째 배치를 기다리는 중...
epoch: 144, time: 6.80/123.17, train_loss: 0.0088, val_loss: 0.0879, F/AE/Dist_err/Rel_dist_err/SELD: 0.13/40.55/0.52/0.30/0.50, best_val_epoch: 142 (0.14/38.86/0.52/0.29/0.53)

[Debug] ================== Epoch 145 시작 ==================
  -> [Debug] train_epoch 시작: 첫 번째 배치를 기다리는 중...
epoch: 145, time: 7.24/122.49, train_loss: 0.0085, val_loss: 0.0863, F/AE/Dist_err/Rel_dist_err/SELD: 0.12/38.93/0.54/0.31/0.54, best_val_epoch: 142 (0.14/38.86/0.52/0.29/0.53)

[Debug] ================== Epoch 146 시작 ==================
  -> [Debug] train_epoch 시작: 첫 번째 배치를 기다리는 중...
epoch: 146, time: 5.83/129.15, train_loss: 0.0082, val_loss: 0.0872, F/AE/Dist_err/Rel_dist_err/SELD: 0.13/38.41/0.55/0.31/0.54, best_val_epoch: 142 (0.14/38.86/0.52/0.29/0.53)

[Debug] ================== Epoch 147 시작 ==================
  -> [Debug] train_epoch 시작: 첫 번째 배치를 기다리는 중...
epoch: 147, time: 6.39/125.75, train_loss: 0.0082, val_loss: 0.0765, F/AE/Dist_err/Rel_dist_err/SELD: 0.14/37.28/0.53/0.29/0.53, best_val_epoch: 142 (0.14/38.86/0.52/0.29/0.53)

[Debug] ================== Epoch 148 시작 ==================
  -> [Debug] train_epoch 시작: 첫 번째 배치를 기다리는 중...
epoch: 148, time: 5.90/90.46, train_loss: 0.0077, val_loss: 0.0736, F/AE/Dist_err/Rel_dist_err/SELD: 0.14/38.69/0.53/0.30/0.53, best_val_epoch: 142 (0.14/38.86/0.52/0.29/0.53)

[Debug] ================== Epoch 149 시작 ==================
  -> [Debug] train_epoch 시작: 첫 번째 배치를 기다리는 중...
epoch: 149, time: 6.96/92.80, train_loss: 0.0078, val_loss: 0.0753, F/AE/Dist_err/Rel_dist_err/SELD: 0.14/37.51/0.53/0.29/0.53, best_val_epoch: 142 (0.14/38.86/0.52/0.29/0.53)

[Debug] ================== Epoch 150 시작 ==================
  -> [Debug] train_epoch 시작: 첫 번째 배치를 기다리는 중...
epoch: 150, time: 6.88/90.92, train_loss: 0.0074, val_loss: 0.0713, F/AE/Dist_err/Rel_dist_err/SELD: 0.14/38.22/0.53/0.29/0.53, best_val_epoch: 142 (0.14/38.86/0.52/0.29/0.53)

[Debug] ================== Epoch 151 시작 ==================
  -> [Debug] train_epoch 시작: 첫 번째 배치를 기다리는 중...
epoch: 151, time: 7.02/107.19, train_loss: 0.0071, val_loss: 0.0742, F/AE/Dist_err/Rel_dist_err/SELD: 0.14/37.76/0.53/0.29/0.53, best_val_epoch: 142 (0.14/38.86/0.52/0.29/0.53)

[Debug] ================== Epoch 152 시작 ==================
  -> [Debug] train_epoch 시작: 첫 번째 배치를 기다리는 중...
epoch: 152, time: 6.46/115.28, train_loss: 0.0073, val_loss: 0.0725, F/AE/Dist_err/Rel_dist_err/SELD: 0.13/37.86/0.56/0.30/0.53, best_val_epoch: 142 (0.14/38.86/0.52/0.29/0.53)

[Debug] ================== Epoch 153 시작 ==================
  -> [Debug] train_epoch 시작: 첫 번째 배치를 기다리는 중...
epoch: 153, time: 6.47/123.16, train_loss: 0.0073, val_loss: 0.0804, F/AE/Dist_err/Rel_dist_err/SELD: 0.14/37.92/0.53/0.29/0.53, best_val_epoch: 142 (0.14/38.86/0.52/0.29/0.53)

[Debug] ================== Epoch 154 시작 ==================
  -> [Debug] train_epoch 시작: 첫 번째 배치를 기다리는 중...
epoch: 154, time: 7.18/123.51, train_loss: 0.0074, val_loss: 0.0881, F/AE/Dist_err/Rel_dist_err/SELD: 0.13/38.79/0.52/0.30/0.54, best_val_epoch: 142 (0.14/38.86/0.52/0.29/0.53)

[Debug] ================== Epoch 155 시작 ==================
  -> [Debug] train_epoch 시작: 첫 번째 배치를 기다리는 중...
epoch: 155, time: 6.67/121.59, train_loss: 0.0075, val_loss: 0.0884, F/AE/Dist_err/Rel_dist_err/SELD: 0.13/38.17/0.50/0.29/0.53, best_val_epoch: 142 (0.14/38.86/0.52/0.29/0.53)

[Debug] ================== Epoch 156 시작 ==================
  -> [Debug] train_epoch 시작: 첫 번째 배치를 기다리는 중...
epoch: 156, time: 6.46/123.29, train_loss: 0.0080, val_loss: 0.0761, F/AE/Dist_err/Rel_dist_err/SELD: 0.13/37.17/0.48/0.27/0.53, best_val_epoch: 142 (0.14/38.86/0.52/0.29/0.53)

[Debug] ================== Epoch 157 시작 ==================
  -> [Debug] train_epoch 시작: 첫 번째 배치를 기다리는 중...
epoch: 157, time: 7.02/90.61, train_loss: 0.0085, val_loss: 0.0807, F/AE/Dist_err/Rel_dist_err/SELD: 0.13/36.23/0.53/0.29/0.53, best_val_epoch: 142 (0.14/38.86/0.52/0.29/0.53)

[Debug] ================== Epoch 158 시작 ==================
  -> [Debug] train_epoch 시작: 첫 번째 배치를 기다리는 중...
epoch: 158, time: 6.91/122.65, train_loss: 0.0085, val_loss: 0.0910, F/AE/Dist_err/Rel_dist_err/SELD: 0.14/36.90/0.52/0.30/0.53, best_val_epoch: 142 (0.14/38.86/0.52/0.29/0.53)

[Debug] ================== Epoch 159 시작 ==================
  -> [Debug] train_epoch 시작: 첫 번째 배치를 기다리는 중...
